573202784080:ENCOLADO ans_287c26ca-de8f-4ce0-b505-bd671b1d8ecf
EJECUTANDO:ans_287c26ca-de8f-4ce0-b505-bd671b1d8ecf
573202784080:SUCCESS
573202784080:ENCOLADO ans_18cded5e-3d2b-482d-9fc1-d0a07a042111
EJECUTANDO:ans_18cded5e-3d2b-482d-9fc1-d0a07a042111
573202784080:SUCCESS
573202784080:ENCOLADO ans_287c26ca-de8f-4ce0-b505-bd671b1d8ecf
EJECUTANDO:ans_287c26ca-de8f-4ce0-b505-bd671b1d8ecf
573202784080:SUCCESS
573202784080:ENCOLADO ans_18cded5e-3d2b-482d-9fc1-d0a07a042111
EJECUTANDO:ans_18cded5e-3d2b-482d-9fc1-d0a07a042111
573202784080:SUCCESS
153132797534230:ENCOLADO ans_8a4bb621-f7f2-4b06-bb11-e26c4800981b
EJECUTANDO:ans_8a4bb621-f7f2-4b06-bb11-e26c4800981b
153132797534230:SUCCESS
153132797534230:ENCOLADO ans_7e17eb49-d87a-48ae-8b47-32b4beea584f
EJECUTANDO:ans_7e17eb49-d87a-48ae-8b47-32b4beea584f
153132797534230:ENCOLADO ans_8a4bb621-f7f2-4b06-bb11-e26c4800981b
153132797534230:SUCCESS
153132797534230:ENCOLADO ans_80373d85-c50f-49d4-a472-e2345fdb8f85
153132797534230:SUCCESS
153132797534230:ENCOLADO ans_7e17eb49-d87a-48ae-8b47-32b4beea584f
153132797534230:SUCCESS
153132797534230:SUCCESS
153132797534230:ENCOLADO ans_80373d85-c50f-49d4-a472-e2345fdb8f85
EJECUTANDO:ans_80373d85-c50f-49d4-a472-e2345fdb8f85
153132797534230:SUCCESS
172413039980742:ENCOLADO ans_8a4bb621-f7f2-4b06-bb11-e26c4800981b
EJECUTANDO:ans_8a4bb621-f7f2-4b06-bb11-e26c4800981b
172413039980742:SUCCESS
172413039980742:ENCOLADO ans_7e17eb49-d87a-48ae-8b47-32b4beea584f
EJECUTANDO:ans_7e17eb49-d87a-48ae-8b47-32b4beea584f
172413039980742:SUCCESS
172413039980742:ENCOLADO ans_80373d85-c50f-49d4-a472-e2345fdb8f85
EJECUTANDO:ans_80373d85-c50f-49d4-a472-e2345fdb8f85
172413039980742:ENCOLADO ans_8a4bb621-f7f2-4b06-bb11-e26c4800981b
172413039980742:SUCCESS
172413039980742:ENCOLADO ans_80373d85-c50f-49d4-a472-e2345fdb8f85
573114999499:ENCOLADO ans_8a4bb621-f7f2-4b06-bb11-e26c4800981b
EJECUTANDO:ans_8a4bb621-f7f2-4b06-bb11-e26c4800981b
573114999499:SUCCESS
573114999499:ENCOLADO ans_7e17eb49-d87a-48ae-8b47-32b4beea584f
EJECUTANDO:ans_7e17eb49-d87a-48ae-8b47-32b4beea584f
573114999499:SUCCESS
573114999499:ENCOLADO ans_80373d85-c50f-49d4-a472-e2345fdb8f85
EJECUTANDO:ans_80373d85-c50f-49d4-a472-e2345fdb8f85
573114999499:ENCOLADO ans_8a4bb621-f7f2-4b06-bb11-e26c4800981b
573114999499:SUCCESS
573114999499:ENCOLADO ans_80373d85-c50f-49d4-a472-e2345fdb8f85
573205079096:ENCOLADO ans_8a4bb621-f7f2-4b06-bb11-e26c4800981b
EJECUTANDO:ans_8a4bb621-f7f2-4b06-bb11-e26c4800981b
573205079096:SUCCESS
573205079096:ENCOLADO ans_7e17eb49-d87a-48ae-8b47-32b4beea584f
EJECUTANDO:ans_7e17eb49-d87a-48ae-8b47-32b4beea584f
573205079096:ENCOLADO ans_8a4bb621-f7f2-4b06-bb11-e26c4800981b
573205079096:SUCCESS
573205079096:ENCOLADO ans_80373d85-c50f-49d4-a472-e2345fdb8f85
573205079096:SUCCESS
573205079096:ENCOLADO ans_7e17eb49-d87a-48ae-8b47-32b4beea584f
573205079096:SUCCESS
573205079096:SUCCESS
573205079096:ENCOLADO ans_80373d85-c50f-49d4-a472-e2345fdb8f85
EJECUTANDO:ans_80373d85-c50f-49d4-a472-e2345fdb8f85
573205079096:SUCCESS
201902184771689:ENCOLADO ans_8a4bb621-f7f2-4b06-bb11-e26c4800981b
EJECUTANDO:ans_8a4bb621-f7f2-4b06-bb11-e26c4800981b
201902184771689:SUCCESS
201902184771689:ENCOLADO ans_7e17eb49-d87a-48ae-8b47-32b4beea584f
EJECUTANDO:ans_7e17eb49-d87a-48ae-8b47-32b4beea584f
201902184771689:SUCCESS
201902184771689:ENCOLADO ans_80373d85-c50f-49d4-a472-e2345fdb8f85
EJECUTANDO:ans_80373d85-c50f-49d4-a472-e2345fdb8f85
201902184771689:SUCCESS
573114999499:ENCOLADO ans_287c26ca-de8f-4ce0-b505-bd671b1d8ecf
258453968793828:ENCOLADO ans_8a4bb621-f7f2-4b06-bb11-e26c4800981b
EJECUTANDO:ans_8a4bb621-f7f2-4b06-bb11-e26c4800981b
258453968793828:SUCCESS
258453968793828:ENCOLADO ans_7e17eb49-d87a-48ae-8b47-32b4beea584f
EJECUTANDO:ans_7e17eb49-d87a-48ae-8b47-32b4beea584f
258453968793828:ENCOLADO ans_8a4bb621-f7f2-4b06-bb11-e26c4800981b
258453968793828:SUCCESS
258453968793828:SUCCESS
258453968793828:ENCOLADO ans_80373d85-c50f-49d4-a472-e2345fdb8f85
EJECUTANDO:ans_80373d85-c50f-49d4-a472-e2345fdb8f85
258453968793828:ENCOLADO ans_7e17eb49-d87a-48ae-8b47-32b4beea584f
258453968793828:SUCCESS
258453968793828:SUCCESS
258453968793828:ENCOLADO ans_80373d85-c50f-49d4-a472-e2345fdb8f85
EJECUTANDO:ans_80373d85-c50f-49d4-a472-e2345fdb8f85
258453968793828:SUCCESS
573205079096:ENCOLADO ans_8a4bb621-f7f2-4b06-bb11-e26c4800981b
EJECUTANDO:ans_8a4bb621-f7f2-4b06-bb11-e26c4800981b
573205079096:SUCCESS
573205079096:ENCOLADO ans_7e17eb49-d87a-48ae-8b47-32b4beea584f
EJECUTANDO:ans_7e17eb49-d87a-48ae-8b47-32b4beea584f
573205079096:SUCCESS
573205079096:ENCOLADO ans_80373d85-c50f-49d4-a472-e2345fdb8f85
EJECUTANDO:ans_80373d85-c50f-49d4-a472-e2345fdb8f85
573205079096:SUCCESS
573507643329:ENCOLADO ans_8a4bb621-f7f2-4b06-bb11-e26c4800981b
EJECUTANDO:ans_8a4bb621-f7f2-4b06-bb11-e26c4800981b
573507643329:SUCCESS
573507643329:ENCOLADO ans_7e17eb49-d87a-48ae-8b47-32b4beea584f
EJECUTANDO:ans_7e17eb49-d87a-48ae-8b47-32b4beea584f
573507643329:ENCOLADO ans_8a4bb621-f7f2-4b06-bb11-e26c4800981b
573507643329:SUCCESS
573507643329:ENCOLADO ans_80373d85-c50f-49d4-a472-e2345fdb8f85
573507643329:SUCCESS
573507643329:ENCOLADO ans_7e17eb49-d87a-48ae-8b47-32b4beea584f
573507643329:SUCCESS
573507643329:SUCCESS
573507643329:ENCOLADO ans_80373d85-c50f-49d4-a472-e2345fdb8f85
EJECUTANDO:ans_80373d85-c50f-49d4-a472-e2345fdb8f85
573507643329:SUCCESS
15320735596657:ENCOLADO ans_8a4bb621-f7f2-4b06-bb11-e26c4800981b
EJECUTANDO:ans_8a4bb621-f7f2-4b06-bb11-e26c4800981b
15320735596657:SUCCESS
15320735596657:ENCOLADO ans_7e17eb49-d87a-48ae-8b47-32b4beea584f
EJECUTANDO:ans_7e17eb49-d87a-48ae-8b47-32b4beea584f
15320735596657:SUCCESS
15320735596657:ENCOLADO ans_80373d85-c50f-49d4-a472-e2345fdb8f85
EJECUTANDO:ans_80373d85-c50f-49d4-a472-e2345fdb8f85
15320735596657:SUCCESS
15320735596657:ENCOLADO ans_8a4bb621-f7f2-4b06-bb11-e26c4800981b
EJECUTANDO:ans_8a4bb621-f7f2-4b06-bb11-e26c4800981b
15320735596657:SUCCESS
15320735596657:ENCOLADO ans_7e17eb49-d87a-48ae-8b47-32b4beea584f
EJECUTANDO:ans_7e17eb49-d87a-48ae-8b47-32b4beea584f
15320735596657:SUCCESS
15320735596657:ENCOLADO ans_80373d85-c50f-49d4-a472-e2345fdb8f85
EJECUTANDO:ans_80373d85-c50f-49d4-a472-e2345fdb8f85
15320735596657:SUCCESS
573205079096:ENCOLADO ans_287c26ca-de8f-4ce0-b505-bd671b1d8ecf
EJECUTANDO:ans_287c26ca-de8f-4ce0-b505-bd671b1d8ecf
573205079096:SUCCESS
573205079096:ENCOLADO ans_18cded5e-3d2b-482d-9fc1-d0a07a042111
EJECUTANDO:ans_18cded5e-3d2b-482d-9fc1-d0a07a042111
573205079096:SUCCESS
573205079096:ENCOLADO ans_287c26ca-de8f-4ce0-b505-bd671b1d8ecf
EJECUTANDO:ans_287c26ca-de8f-4ce0-b505-bd671b1d8ecf
573205079096:SUCCESS
573205079096:ENCOLADO ans_18cded5e-3d2b-482d-9fc1-d0a07a042111
EJECUTANDO:ans_18cded5e-3d2b-482d-9fc1-d0a07a042111
573205079096:SUCCESS
573205079096:ENCOLADO ans_287c26ca-de8f-4ce0-b505-bd671b1d8ecf
EJECUTANDO:ans_287c26ca-de8f-4ce0-b505-bd671b1d8ecf
573205079096:SUCCESS
573205079096:ENCOLADO ans_18cded5e-3d2b-482d-9fc1-d0a07a042111
EJECUTANDO:ans_18cded5e-3d2b-482d-9fc1-d0a07a042111
573205079096:SUCCESS
16496986185866:ENCOLADO ans_8a4bb621-f7f2-4b06-bb11-e26c4800981b
EJECUTANDO:ans_8a4bb621-f7f2-4b06-bb11-e26c4800981b
16496986185866:SUCCESS
16496986185866:ENCOLADO ans_7e17eb49-d87a-48ae-8b47-32b4beea584f
EJECUTANDO:ans_7e17eb49-d87a-48ae-8b47-32b4beea584f
16496986185866:ENCOLADO ans_8a4bb621-f7f2-4b06-bb11-e26c4800981b
16496986185866:SUCCESS
16496986185866:ENCOLADO ans_80373d85-c50f-49d4-a472-e2345fdb8f85
16496986185866:SUCCESS
16496986185866:ENCOLADO ans_7e17eb49-d87a-48ae-8b47-32b4beea584f
16496986185866:SUCCESS
16496986185866:SUCCESS
16496986185866:ENCOLADO ans_80373d85-c50f-49d4-a472-e2345fdb8f85
EJECUTANDO:ans_80373d85-c50f-49d4-a472-e2345fdb8f85
16496986185866:SUCCESS
573205079096:ENCOLADO ans_287c26ca-de8f-4ce0-b505-bd671b1d8ecf
EJECUTANDO:ans_287c26ca-de8f-4ce0-b505-bd671b1d8ecf
573205079096:SUCCESS
573205079096:ENCOLADO ans_18cded5e-3d2b-482d-9fc1-d0a07a042111
EJECUTANDO:ans_18cded5e-3d2b-482d-9fc1-d0a07a042111
573205079096:SUCCESS
573138468495:ENCOLADO ans_8a4bb621-f7f2-4b06-bb11-e26c4800981b
EJECUTANDO:ans_8a4bb621-f7f2-4b06-bb11-e26c4800981b
573138468495:SUCCESS
573138468495:ENCOLADO ans_7e17eb49-d87a-48ae-8b47-32b4beea584f
EJECUTANDO:ans_7e17eb49-d87a-48ae-8b47-32b4beea584f
573138468495:SUCCESS
573138468495:ENCOLADO ans_80373d85-c50f-49d4-a472-e2345fdb8f85
EJECUTANDO:ans_80373d85-c50f-49d4-a472-e2345fdb8f85
573138468495:SUCCESS
573138468495:ENCOLADO ans_287c26ca-de8f-4ce0-b505-bd671b1d8ecf
EJECUTANDO:ans_287c26ca-de8f-4ce0-b505-bd671b1d8ecf
573138468495:SUCCESS
573138468495:ENCOLADO ans_18cded5e-3d2b-482d-9fc1-d0a07a042111
EJECUTANDO:ans_18cded5e-3d2b-482d-9fc1-d0a07a042111
573138468495:SUCCESS
573138468495:ENCOLADO ans_287c26ca-de8f-4ce0-b505-bd671b1d8ecf
EJECUTANDO:ans_287c26ca-de8f-4ce0-b505-bd671b1d8ecf
573138468495:SUCCESS
573138468495:ENCOLADO ans_18cded5e-3d2b-482d-9fc1-d0a07a042111
EJECUTANDO:ans_18cded5e-3d2b-482d-9fc1-d0a07a042111
573138468495:SUCCESS
573138468495:ENCOLADO ans_287c26ca-de8f-4ce0-b505-bd671b1d8ecf
EJECUTANDO:ans_287c26ca-de8f-4ce0-b505-bd671b1d8ecf
573138468495:SUCCESS
573138468495:ENCOLADO ans_18cded5e-3d2b-482d-9fc1-d0a07a042111
EJECUTANDO:ans_18cded5e-3d2b-482d-9fc1-d0a07a042111
573138468495:SUCCESS
45922327253000:ENCOLADO ans_8a4bb621-f7f2-4b06-bb11-e26c4800981b
EJECUTANDO:ans_8a4bb621-f7f2-4b06-bb11-e26c4800981b
45922327253000:SUCCESS
45922327253000:ENCOLADO ans_7e17eb49-d87a-48ae-8b47-32b4beea584f
EJECUTANDO:ans_7e17eb49-d87a-48ae-8b47-32b4beea584f
45922327253000:ENCOLADO ans_8a4bb621-f7f2-4b06-bb11-e26c4800981b
45922327253000:SUCCESS
45922327253000:ENCOLADO ans_80373d85-c50f-49d4-a472-e2345fdb8f85
45922327253000:SUCCESS
45922327253000:ENCOLADO ans_7e17eb49-d87a-48ae-8b47-32b4beea584f
45922327253000:SUCCESS
45922327253000:SUCCESS
45922327253000:ENCOLADO ans_80373d85-c50f-49d4-a472-e2345fdb8f85
EJECUTANDO:ans_80373d85-c50f-49d4-a472-e2345fdb8f85
45922327253000:SUCCESS
66305738682429:ENCOLADO ans_8a4bb621-f7f2-4b06-bb11-e26c4800981b
EJECUTANDO:ans_8a4bb621-f7f2-4b06-bb11-e26c4800981b
66305738682429:SUCCESS
66305738682429:ENCOLADO ans_7e17eb49-d87a-48ae-8b47-32b4beea584f
EJECUTANDO:ans_7e17eb49-d87a-48ae-8b47-32b4beea584f
66305738682429:SUCCESS
66305738682429:ENCOLADO ans_80373d85-c50f-49d4-a472-e2345fdb8f85
EJECUTANDO:ans_80373d85-c50f-49d4-a472-e2345fdb8f85
66305738682429:SUCCESS
573202784080:ENCOLADO ans_287c26ca-de8f-4ce0-b505-bd671b1d8ecf
EJECUTANDO:ans_287c26ca-de8f-4ce0-b505-bd671b1d8ecf
573202784080:SUCCESS
573202784080:ENCOLADO ans_18cded5e-3d2b-482d-9fc1-d0a07a042111
EJECUTANDO:ans_18cded5e-3d2b-482d-9fc1-d0a07a042111
573202784080:SUCCESS
573202784080:ENCOLADO ans_287c26ca-de8f-4ce0-b505-bd671b1d8ecf
EJECUTANDO:ans_287c26ca-de8f-4ce0-b505-bd671b1d8ecf
573202784080:SUCCESS
573202784080:ENCOLADO ans_18cded5e-3d2b-482d-9fc1-d0a07a042111
EJECUTANDO:ans_18cded5e-3d2b-482d-9fc1-d0a07a042111
573202784080:SUCCESS
573202784080:ENCOLADO ans_287c26ca-de8f-4ce0-b505-bd671b1d8ecf
EJECUTANDO:ans_287c26ca-de8f-4ce0-b505-bd671b1d8ecf
573202784080:SUCCESS
573202784080:ENCOLADO ans_18cded5e-3d2b-482d-9fc1-d0a07a042111
EJECUTANDO:ans_18cded5e-3d2b-482d-9fc1-d0a07a042111
573202784080:SUCCESS
573154372453:ENCOLADO ans_287c26ca-de8f-4ce0-b505-bd671b1d8ecf
EJECUTANDO:ans_287c26ca-de8f-4ce0-b505-bd671b1d8ecf
573154372453:SUCCESS
573154372453:ENCOLADO ans_18cded5e-3d2b-482d-9fc1-d0a07a042111
EJECUTANDO:ans_18cded5e-3d2b-482d-9fc1-d0a07a042111
573154372453:SUCCESS
573154372453:ENCOLADO ans_287c26ca-de8f-4ce0-b505-bd671b1d8ecf
EJECUTANDO:ans_287c26ca-de8f-4ce0-b505-bd671b1d8ecf
573154372453:SUCCESS
573154372453:ENCOLADO ans_18cded5e-3d2b-482d-9fc1-d0a07a042111
EJECUTANDO:ans_18cded5e-3d2b-482d-9fc1-d0a07a042111
573154372453:SUCCESS
175939124240509:ENCOLADO ans_8a4bb621-f7f2-4b06-bb11-e26c4800981b
EJECUTANDO:ans_8a4bb621-f7f2-4b06-bb11-e26c4800981b
175939124240509:SUCCESS
175939124240509:ENCOLADO ans_7e17eb49-d87a-48ae-8b47-32b4beea584f
EJECUTANDO:ans_7e17eb49-d87a-48ae-8b47-32b4beea584f
175939124240509:ENCOLADO ans_8a4bb621-f7f2-4b06-bb11-e26c4800981b
175939124240509:SUCCESS
175939124240509:ENCOLADO ans_80373d85-c50f-49d4-a472-e2345fdb8f85
175939124240509:SUCCESS
175939124240509:ENCOLADO ans_7e17eb49-d87a-48ae-8b47-32b4beea584f
175939124240509:SUCCESS
175939124240509:SUCCESS
175939124240509:ENCOLADO ans_80373d85-c50f-49d4-a472-e2345fdb8f85
EJECUTANDO:ans_80373d85-c50f-49d4-a472-e2345fdb8f85
175939124240509:SUCCESS
193385700847710:ENCOLADO ans_8a4bb621-f7f2-4b06-bb11-e26c4800981b
EJECUTANDO:ans_8a4bb621-f7f2-4b06-bb11-e26c4800981b
193385700847710:SUCCESS
193385700847710:ENCOLADO ans_7e17eb49-d87a-48ae-8b47-32b4beea584f
EJECUTANDO:ans_7e17eb49-d87a-48ae-8b47-32b4beea584f
193385700847710:SUCCESS
193385700847710:ENCOLADO ans_80373d85-c50f-49d4-a472-e2345fdb8f85
EJECUTANDO:ans_80373d85-c50f-49d4-a472-e2345fdb8f85
193385700847710:SUCCESS
573209959617:ENCOLADO ans_8a4bb621-f7f2-4b06-bb11-e26c4800981b
EJECUTANDO:ans_8a4bb621-f7f2-4b06-bb11-e26c4800981b
573209959617:SUCCESS
573209959617:ENCOLADO ans_7e17eb49-d87a-48ae-8b47-32b4beea584f
EJECUTANDO:ans_7e17eb49-d87a-48ae-8b47-32b4beea584f
573209959617:ENCOLADO ans_8a4bb621-f7f2-4b06-bb11-e26c4800981b
573209959617:SUCCESS
573209959617:SUCCESS
573209959617:ENCOLADO ans_80373d85-c50f-49d4-a472-e2345fdb8f85
EJECUTANDO:ans_80373d85-c50f-49d4-a472-e2345fdb8f85
573209959617:ENCOLADO ans_7e17eb49-d87a-48ae-8b47-32b4beea584f
573209959617:SUCCESS
573209959617:SUCCESS
573209959617:ENCOLADO ans_80373d85-c50f-49d4-a472-e2345fdb8f85
EJECUTANDO:ans_80373d85-c50f-49d4-a472-e2345fdb8f85
573209959617:SUCCESS
573026596627:ENCOLADO ans_8a4bb621-f7f2-4b06-bb11-e26c4800981b
EJECUTANDO:ans_8a4bb621-f7f2-4b06-bb11-e26c4800981b
573026596627:SUCCESS
573026596627:ENCOLADO ans_7e17eb49-d87a-48ae-8b47-32b4beea584f
EJECUTANDO:ans_7e17eb49-d87a-48ae-8b47-32b4beea584f
573026596627:SUCCESS
573026596627:ENCOLADO ans_80373d85-c50f-49d4-a472-e2345fdb8f85
EJECUTANDO:ans_80373d85-c50f-49d4-a472-e2345fdb8f85
573026596627:SUCCESS
573026596627:ENCOLADO ans_287c26ca-de8f-4ce0-b505-bd671b1d8ecf
EJECUTANDO:ans_287c26ca-de8f-4ce0-b505-bd671b1d8ecf
573026596627:SUCCESS
573026596627:ENCOLADO ans_18cded5e-3d2b-482d-9fc1-d0a07a042111
EJECUTANDO:ans_18cded5e-3d2b-482d-9fc1-d0a07a042111
573026596627:SUCCESS
573026596627:ENCOLADO ans_287c26ca-de8f-4ce0-b505-bd671b1d8ecf
EJECUTANDO:ans_287c26ca-de8f-4ce0-b505-bd671b1d8ecf
573026596627:SUCCESS
573026596627:ENCOLADO ans_18cded5e-3d2b-482d-9fc1-d0a07a042111
EJECUTANDO:ans_18cded5e-3d2b-482d-9fc1-d0a07a042111
573026596627:SUCCESS
573504524423:ENCOLADO ans_8a4bb621-f7f2-4b06-bb11-e26c4800981b
EJECUTANDO:ans_8a4bb621-f7f2-4b06-bb11-e26c4800981b
573504524423:SUCCESS
573504524423:ENCOLADO ans_7e17eb49-d87a-48ae-8b47-32b4beea584f
EJECUTANDO:ans_7e17eb49-d87a-48ae-8b47-32b4beea584f
573504524423:SUCCESS
573504524423:ENCOLADO ans_80373d85-c50f-49d4-a472-e2345fdb8f85
EJECUTANDO:ans_80373d85-c50f-49d4-a472-e2345fdb8f85
573504524423:SUCCESS
573504524423:ENCOLADO ans_287c26ca-de8f-4ce0-b505-bd671b1d8ecf
EJECUTANDO:ans_287c26ca-de8f-4ce0-b505-bd671b1d8ecf
573504524423:SUCCESS
573504524423:ENCOLADO ans_18cded5e-3d2b-482d-9fc1-d0a07a042111
EJECUTANDO:ans_18cded5e-3d2b-482d-9fc1-d0a07a042111
573504524423:SUCCESS
573504524423:ENCOLADO ans_287c26ca-de8f-4ce0-b505-bd671b1d8ecf
EJECUTANDO:ans_287c26ca-de8f-4ce0-b505-bd671b1d8ecf
573504524423:SUCCESS
573504524423:ENCOLADO ans_18cded5e-3d2b-482d-9fc1-d0a07a042111
EJECUTANDO:ans_18cded5e-3d2b-482d-9fc1-d0a07a042111
573504524423:SUCCESS
573186311455:ENCOLADO ans_8a4bb621-f7f2-4b06-bb11-e26c4800981b
EJECUTANDO:ans_8a4bb621-f7f2-4b06-bb11-e26c4800981b
573186311455:SUCCESS
573186311455:ENCOLADO ans_7e17eb49-d87a-48ae-8b47-32b4beea584f
EJECUTANDO:ans_7e17eb49-d87a-48ae-8b47-32b4beea584f
573186311455:ENCOLADO ans_8a4bb621-f7f2-4b06-bb11-e26c4800981b
573186311455:SUCCESS
573186311455:ENCOLADO ans_80373d85-c50f-49d4-a472-e2345fdb8f85
573186311455:SUCCESS
573186311455:ENCOLADO ans_7e17eb49-d87a-48ae-8b47-32b4beea584f
573186311455:SUCCESS
573186311455:SUCCESS
573186311455:ENCOLADO ans_80373d85-c50f-49d4-a472-e2345fdb8f85
EJECUTANDO:ans_80373d85-c50f-49d4-a472-e2345fdb8f85
573186311455:SUCCESS
573186311455:ENCOLADO ans_287c26ca-de8f-4ce0-b505-bd671b1d8ecf
EJECUTANDO:ans_287c26ca-de8f-4ce0-b505-bd671b1d8ecf
573186311455:SUCCESS
573186311455:ENCOLADO ans_18cded5e-3d2b-482d-9fc1-d0a07a042111
EJECUTANDO:ans_18cded5e-3d2b-482d-9fc1-d0a07a042111
573186311455:SUCCESS
573186311455:ENCOLADO ans_287c26ca-de8f-4ce0-b505-bd671b1d8ecf
EJECUTANDO:ans_287c26ca-de8f-4ce0-b505-bd671b1d8ecf
573186311455:SUCCESS
573186311455:ENCOLADO ans_18cded5e-3d2b-482d-9fc1-d0a07a042111
EJECUTANDO:ans_18cded5e-3d2b-482d-9fc1-d0a07a042111
573186311455:SUCCESS
573053107033:ENCOLADO ans_8a4bb621-f7f2-4b06-bb11-e26c4800981b
EJECUTANDO:ans_8a4bb621-f7f2-4b06-bb11-e26c4800981b
573053107033:SUCCESS
573053107033:ENCOLADO ans_7e17eb49-d87a-48ae-8b47-32b4beea584f
EJECUTANDO:ans_7e17eb49-d87a-48ae-8b47-32b4beea584f
573053107033:SUCCESS
573053107033:ENCOLADO ans_80373d85-c50f-49d4-a472-e2345fdb8f85
EJECUTANDO:ans_80373d85-c50f-49d4-a472-e2345fdb8f85
573053107033:ENCOLADO ans_8a4bb621-f7f2-4b06-bb11-e26c4800981b
573053107033:SUCCESS
573053107033:ENCOLADO ans_80373d85-c50f-49d4-a472-e2345fdb8f85
214284558721073:ENCOLADO ans_8a4bb621-f7f2-4b06-bb11-e26c4800981b
EJECUTANDO:ans_8a4bb621-f7f2-4b06-bb11-e26c4800981b
214284558721073:SUCCESS
214284558721073:ENCOLADO ans_7e17eb49-d87a-48ae-8b47-32b4beea584f
EJECUTANDO:ans_7e17eb49-d87a-48ae-8b47-32b4beea584f
214284558721073:SUCCESS
214284558721073:ENCOLADO ans_80373d85-c50f-49d4-a472-e2345fdb8f85
EJECUTANDO:ans_80373d85-c50f-49d4-a472-e2345fdb8f85
214284558721073:SUCCESS
573138086325:ENCOLADO ans_8a4bb621-f7f2-4b06-bb11-e26c4800981b
EJECUTANDO:ans_8a4bb621-f7f2-4b06-bb11-e26c4800981b
573138086325:SUCCESS
573138086325:ENCOLADO ans_7e17eb49-d87a-48ae-8b47-32b4beea584f
EJECUTANDO:ans_7e17eb49-d87a-48ae-8b47-32b4beea584f
573138086325:ENCOLADO ans_8a4bb621-f7f2-4b06-bb11-e26c4800981b
573138086325:SUCCESS
573138086325:ENCOLADO ans_80373d85-c50f-49d4-a472-e2345fdb8f85
573138086325:SUCCESS
573138086325:ENCOLADO ans_7e17eb49-d87a-48ae-8b47-32b4beea584f
573138086325:SUCCESS
573138086325:SUCCESS
573138086325:ENCOLADO ans_80373d85-c50f-49d4-a472-e2345fdb8f85
EJECUTANDO:ans_80373d85-c50f-49d4-a472-e2345fdb8f85
573138086325:SUCCESS
237198444093545:ENCOLADO ans_8a4bb621-f7f2-4b06-bb11-e26c4800981b
EJECUTANDO:ans_8a4bb621-f7f2-4b06-bb11-e26c4800981b
237198444093545:SUCCESS
237198444093545:ENCOLADO ans_7e17eb49-d87a-48ae-8b47-32b4beea584f
EJECUTANDO:ans_7e17eb49-d87a-48ae-8b47-32b4beea584f
237198444093545:ENCOLADO ans_8a4bb621-f7f2-4b06-bb11-e26c4800981b
237198444093545:SUCCESS
237198444093545:ENCOLADO ans_80373d85-c50f-49d4-a472-e2345fdb8f85
237198444093545:SUCCESS
237198444093545:ENCOLADO ans_7e17eb49-d87a-48ae-8b47-32b4beea584f
237198444093545:SUCCESS
237198444093545:SUCCESS
237198444093545:ENCOLADO ans_80373d85-c50f-49d4-a472-e2345fdb8f85
EJECUTANDO:ans_80373d85-c50f-49d4-a472-e2345fdb8f85
237198444093545:SUCCESS
573138094498:ENCOLADO ans_8a4bb621-f7f2-4b06-bb11-e26c4800981b
EJECUTANDO:ans_8a4bb621-f7f2-4b06-bb11-e26c4800981b
573138094498:SUCCESS
573138094498:ENCOLADO ans_7e17eb49-d87a-48ae-8b47-32b4beea584f
EJECUTANDO:ans_7e17eb49-d87a-48ae-8b47-32b4beea584f
573138094498:ENCOLADO ans_8a4bb621-f7f2-4b06-bb11-e26c4800981b
573138094498:SUCCESS
573138094498:ENCOLADO ans_80373d85-c50f-49d4-a472-e2345fdb8f85
573138094498:SUCCESS
573138094498:ENCOLADO ans_7e17eb49-d87a-48ae-8b47-32b4beea584f
573138094498:SUCCESS
573138094498:SUCCESS
573138094498:ENCOLADO ans_80373d85-c50f-49d4-a472-e2345fdb8f85
EJECUTANDO:ans_80373d85-c50f-49d4-a472-e2345fdb8f85
573138094498:SUCCESS
573138094498:ENCOLADO ans_287c26ca-de8f-4ce0-b505-bd671b1d8ecf
EJECUTANDO:ans_287c26ca-de8f-4ce0-b505-bd671b1d8ecf
573138094498:SUCCESS
573138094498:ENCOLADO ans_18cded5e-3d2b-482d-9fc1-d0a07a042111
EJECUTANDO:ans_18cded5e-3d2b-482d-9fc1-d0a07a042111
573138094498:SUCCESS
194223252979817:ENCOLADO ans_8a4bb621-f7f2-4b06-bb11-e26c4800981b
EJECUTANDO:ans_8a4bb621-f7f2-4b06-bb11-e26c4800981b
194223252979817:SUCCESS
194223252979817:ENCOLADO ans_7e17eb49-d87a-48ae-8b47-32b4beea584f
EJECUTANDO:ans_7e17eb49-d87a-48ae-8b47-32b4beea584f
194223252979817:SUCCESS
194223252979817:ENCOLADO ans_80373d85-c50f-49d4-a472-e2345fdb8f85
EJECUTANDO:ans_80373d85-c50f-49d4-a472-e2345fdb8f85
194223252979817:SUCCESS
573125532727:ENCOLADO ans_8a4bb621-f7f2-4b06-bb11-e26c4800981b
EJECUTANDO:ans_8a4bb621-f7f2-4b06-bb11-e26c4800981b
573125532727:SUCCESS
573125532727:ENCOLADO ans_7e17eb49-d87a-48ae-8b47-32b4beea584f
EJECUTANDO:ans_7e17eb49-d87a-48ae-8b47-32b4beea584f
573125532727:SUCCESS
573125532727:ENCOLADO ans_80373d85-c50f-49d4-a472-e2345fdb8f85
EJECUTANDO:ans_80373d85-c50f-49d4-a472-e2345fdb8f85
573125532727:ENCOLADO ans_8a4bb621-f7f2-4b06-bb11-e26c4800981b
573125532727:SUCCESS
573125532727:ENCOLADO ans_80373d85-c50f-49d4-a472-e2345fdb8f85
573125532727:ENCOLADO ans_287c26ca-de8f-4ce0-b505-bd671b1d8ecf
573125639966:ENCOLADO ans_8a4bb621-f7f2-4b06-bb11-e26c4800981b
EJECUTANDO:ans_8a4bb621-f7f2-4b06-bb11-e26c4800981b
573125639966:SUCCESS
573125639966:ENCOLADO ans_7e17eb49-d87a-48ae-8b47-32b4beea584f
EJECUTANDO:ans_7e17eb49-d87a-48ae-8b47-32b4beea584f
573125639966:SUCCESS
573125639966:ENCOLADO ans_80373d85-c50f-49d4-a472-e2345fdb8f85
EJECUTANDO:ans_80373d85-c50f-49d4-a472-e2345fdb8f85
573125639966:ENCOLADO ans_8a4bb621-f7f2-4b06-bb11-e26c4800981b
573125639966:SUCCESS
573125639966:ENCOLADO ans_80373d85-c50f-49d4-a472-e2345fdb8f85
573125639966:ENCOLADO ans_287c26ca-de8f-4ce0-b505-bd671b1d8ecf
573114587476:ENCOLADO ans_8a4bb621-f7f2-4b06-bb11-e26c4800981b
EJECUTANDO:ans_8a4bb621-f7f2-4b06-bb11-e26c4800981b
573114587476:SUCCESS
573114587476:ENCOLADO ans_7e17eb49-d87a-48ae-8b47-32b4beea584f
EJECUTANDO:ans_7e17eb49-d87a-48ae-8b47-32b4beea584f
573114587476:SUCCESS
573114587476:ENCOLADO ans_80373d85-c50f-49d4-a472-e2345fdb8f85
EJECUTANDO:ans_80373d85-c50f-49d4-a472-e2345fdb8f85
573114587476:SUCCESS
41893228454054:ENCOLADO ans_8a4bb621-f7f2-4b06-bb11-e26c4800981b
EJECUTANDO:ans_8a4bb621-f7f2-4b06-bb11-e26c4800981b
41893228454054:SUCCESS
41893228454054:ENCOLADO ans_7e17eb49-d87a-48ae-8b47-32b4beea584f
EJECUTANDO:ans_7e17eb49-d87a-48ae-8b47-32b4beea584f
41893228454054:SUCCESS
41893228454054:ENCOLADO ans_80373d85-c50f-49d4-a472-e2345fdb8f85
EJECUTANDO:ans_80373d85-c50f-49d4-a472-e2345fdb8f85
41893228454054:SUCCESS
177725746745489:ENCOLADO ans_8a4bb621-f7f2-4b06-bb11-e26c4800981b
EJECUTANDO:ans_8a4bb621-f7f2-4b06-bb11-e26c4800981b
177725746745489:SUCCESS
177725746745489:ENCOLADO ans_7e17eb49-d87a-48ae-8b47-32b4beea584f
EJECUTANDO:ans_7e17eb49-d87a-48ae-8b47-32b4beea584f
177725746745489:ENCOLADO ans_8a4bb621-f7f2-4b06-bb11-e26c4800981b
177725746745489:SUCCESS
177725746745489:ENCOLADO ans_80373d85-c50f-49d4-a472-e2345fdb8f85
177725746745489:SUCCESS
177725746745489:ENCOLADO ans_7e17eb49-d87a-48ae-8b47-32b4beea584f
177725746745489:SUCCESS
177725746745489:SUCCESS
177725746745489:ENCOLADO ans_80373d85-c50f-49d4-a472-e2345fdb8f85
EJECUTANDO:ans_80373d85-c50f-49d4-a472-e2345fdb8f85
177725746745489:SUCCESS
177725746745489:ENCOLADO ans_8a4bb621-f7f2-4b06-bb11-e26c4800981b
EJECUTANDO:ans_8a4bb621-f7f2-4b06-bb11-e26c4800981b
177725746745489:SUCCESS
177725746745489:ENCOLADO ans_7e17eb49-d87a-48ae-8b47-32b4beea584f
EJECUTANDO:ans_7e17eb49-d87a-48ae-8b47-32b4beea584f
177725746745489:SUCCESS
177725746745489:ENCOLADO ans_80373d85-c50f-49d4-a472-e2345fdb8f85
EJECUTANDO:ans_80373d85-c50f-49d4-a472-e2345fdb8f85
177725746745489:SUCCESS
41189323628725:ENCOLADO ans_8a4bb621-f7f2-4b06-bb11-e26c4800981b
EJECUTANDO:ans_8a4bb621-f7f2-4b06-bb11-e26c4800981b
41189323628725:SUCCESS
41189323628725:ENCOLADO ans_7e17eb49-d87a-48ae-8b47-32b4beea584f
EJECUTANDO:ans_7e17eb49-d87a-48ae-8b47-32b4beea584f
41189323628725:ENCOLADO ans_8a4bb621-f7f2-4b06-bb11-e26c4800981b
41189323628725:SUCCESS
41189323628725:ENCOLADO ans_80373d85-c50f-49d4-a472-e2345fdb8f85
41189323628725:SUCCESS
41189323628725:ENCOLADO ans_7e17eb49-d87a-48ae-8b47-32b4beea584f
41189323628725:SUCCESS
41189323628725:SUCCESS
41189323628725:ENCOLADO ans_80373d85-c50f-49d4-a472-e2345fdb8f85
EJECUTANDO:ans_80373d85-c50f-49d4-a472-e2345fdb8f85
41189323628725:SUCCESS
573144863996:ENCOLADO ans_8a4bb621-f7f2-4b06-bb11-e26c4800981b
EJECUTANDO:ans_8a4bb621-f7f2-4b06-bb11-e26c4800981b
573144863996:SUCCESS
573144863996:ENCOLADO ans_7e17eb49-d87a-48ae-8b47-32b4beea584f
EJECUTANDO:ans_7e17eb49-d87a-48ae-8b47-32b4beea584f
573144863996:SUCCESS
573144863996:ENCOLADO ans_80373d85-c50f-49d4-a472-e2345fdb8f85
EJECUTANDO:ans_80373d85-c50f-49d4-a472-e2345fdb8f85
573144863996:SUCCESS
573144863996:ENCOLADO ans_8a4bb621-f7f2-4b06-bb11-e26c4800981b
EJECUTANDO:ans_8a4bb621-f7f2-4b06-bb11-e26c4800981b
573144863996:SUCCESS
573144863996:ENCOLADO ans_7e17eb49-d87a-48ae-8b47-32b4beea584f
EJECUTANDO:ans_7e17eb49-d87a-48ae-8b47-32b4beea584f
573144863996:SUCCESS
573144863996:ENCOLADO ans_80373d85-c50f-49d4-a472-e2345fdb8f85
EJECUTANDO:ans_80373d85-c50f-49d4-a472-e2345fdb8f85
573144863996:SUCCESS
573243624632:ENCOLADO ans_8a4bb621-f7f2-4b06-bb11-e26c4800981b
EJECUTANDO:ans_8a4bb621-f7f2-4b06-bb11-e26c4800981b
573243624632:SUCCESS
573243624632:ENCOLADO ans_7e17eb49-d87a-48ae-8b47-32b4beea584f
EJECUTANDO:ans_7e17eb49-d87a-48ae-8b47-32b4beea584f
573243624632:SUCCESS
573243624632:ENCOLADO ans_80373d85-c50f-49d4-a472-e2345fdb8f85
EJECUTANDO:ans_80373d85-c50f-49d4-a472-e2345fdb8f85
573243624632:SUCCESS
573243624632:ENCOLADO ans_8a4bb621-f7f2-4b06-bb11-e26c4800981b
EJECUTANDO:ans_8a4bb621-f7f2-4b06-bb11-e26c4800981b
573243624632:ENCOLADO ans_80373d85-c50f-49d4-a472-e2345fdb8f85
177725746745489:ENCOLADO ans_8a4bb621-f7f2-4b06-bb11-e26c4800981b
EJECUTANDO:ans_8a4bb621-f7f2-4b06-bb11-e26c4800981b
177725746745489:SUCCESS
177725746745489:ENCOLADO ans_7e17eb49-d87a-48ae-8b47-32b4beea584f
EJECUTANDO:ans_7e17eb49-d87a-48ae-8b47-32b4beea584f
177725746745489:SUCCESS
177725746745489:ENCOLADO ans_80373d85-c50f-49d4-a472-e2345fdb8f85
EJECUTANDO:ans_80373d85-c50f-49d4-a472-e2345fdb8f85
177725746745489:SUCCESS
573003917476:ENCOLADO ans_8a4bb621-f7f2-4b06-bb11-e26c4800981b
EJECUTANDO:ans_8a4bb621-f7f2-4b06-bb11-e26c4800981b
573003917476:SUCCESS
573003917476:ENCOLADO ans_7e17eb49-d87a-48ae-8b47-32b4beea584f
EJECUTANDO:ans_7e17eb49-d87a-48ae-8b47-32b4beea584f
573003917476:SUCCESS
573003917476:ENCOLADO ans_80373d85-c50f-49d4-a472-e2345fdb8f85
EJECUTANDO:ans_80373d85-c50f-49d4-a472-e2345fdb8f85
573003917476:SUCCESS
573003917476:ENCOLADO ans_287c26ca-de8f-4ce0-b505-bd671b1d8ecf
EJECUTANDO:ans_287c26ca-de8f-4ce0-b505-bd671b1d8ecf
573003917476:SUCCESS
573003917476:ENCOLADO ans_18cded5e-3d2b-482d-9fc1-d0a07a042111
EJECUTANDO:ans_18cded5e-3d2b-482d-9fc1-d0a07a042111
573003917476:SUCCESS
573117608121:ENCOLADO ans_287c26ca-de8f-4ce0-b505-bd671b1d8ecf
EJECUTANDO:ans_287c26ca-de8f-4ce0-b505-bd671b1d8ecf
573117608121:SUCCESS
573117608121:ENCOLADO ans_18cded5e-3d2b-482d-9fc1-d0a07a042111
EJECUTANDO:ans_18cded5e-3d2b-482d-9fc1-d0a07a042111
573117608121:SUCCESS
573003917476:ENCOLADO ans_287c26ca-de8f-4ce0-b505-bd671b1d8ecf
EJECUTANDO:ans_287c26ca-de8f-4ce0-b505-bd671b1d8ecf
573003917476:SUCCESS
573003917476:ENCOLADO ans_18cded5e-3d2b-482d-9fc1-d0a07a042111
EJECUTANDO:ans_18cded5e-3d2b-482d-9fc1-d0a07a042111
573003917476:SUCCESS
167568451104995:ENCOLADO ans_8a4bb621-f7f2-4b06-bb11-e26c4800981b
EJECUTANDO:ans_8a4bb621-f7f2-4b06-bb11-e26c4800981b
167568451104995:SUCCESS
167568451104995:ENCOLADO ans_7e17eb49-d87a-48ae-8b47-32b4beea584f
EJECUTANDO:ans_7e17eb49-d87a-48ae-8b47-32b4beea584f
167568451104995:SUCCESS
167568451104995:ENCOLADO ans_80373d85-c50f-49d4-a472-e2345fdb8f85
EJECUTANDO:ans_80373d85-c50f-49d4-a472-e2345fdb8f85
167568451104995:SUCCESS
167568451104995:ENCOLADO ans_8a4bb621-f7f2-4b06-bb11-e26c4800981b
EJECUTANDO:ans_8a4bb621-f7f2-4b06-bb11-e26c4800981b
167568451104995:SUCCESS
167568451104995:ENCOLADO ans_7e17eb49-d87a-48ae-8b47-32b4beea584f
EJECUTANDO:ans_7e17eb49-d87a-48ae-8b47-32b4beea584f
167568451104995:SUCCESS
167568451104995:ENCOLADO ans_80373d85-c50f-49d4-a472-e2345fdb8f85
EJECUTANDO:ans_80373d85-c50f-49d4-a472-e2345fdb8f85
167568451104995:SUCCESS
573173914414:ENCOLADO ans_8a4bb621-f7f2-4b06-bb11-e26c4800981b
EJECUTANDO:ans_8a4bb621-f7f2-4b06-bb11-e26c4800981b
573173914414:SUCCESS
573173914414:ENCOLADO ans_7e17eb49-d87a-48ae-8b47-32b4beea584f
EJECUTANDO:ans_7e17eb49-d87a-48ae-8b47-32b4beea584f
573173914414:ENCOLADO ans_8a4bb621-f7f2-4b06-bb11-e26c4800981b
573173914414:SUCCESS
573173914414:ENCOLADO ans_80373d85-c50f-49d4-a472-e2345fdb8f85
573173914414:SUCCESS
573173914414:ENCOLADO ans_7e17eb49-d87a-48ae-8b47-32b4beea584f
573173914414:SUCCESS
573173914414:SUCCESS
573173914414:ENCOLADO ans_80373d85-c50f-49d4-a472-e2345fdb8f85
EJECUTANDO:ans_80373d85-c50f-49d4-a472-e2345fdb8f85
573173914414:SUCCESS
573173914414:ENCOLADO ans_287c26ca-de8f-4ce0-b505-bd671b1d8ecf
EJECUTANDO:ans_287c26ca-de8f-4ce0-b505-bd671b1d8ecf
573173914414:SUCCESS
573173914414:ENCOLADO ans_18cded5e-3d2b-482d-9fc1-d0a07a042111
EJECUTANDO:ans_18cded5e-3d2b-482d-9fc1-d0a07a042111
573173914414:SUCCESS
573173914414:ENCOLADO ans_287c26ca-de8f-4ce0-b505-bd671b1d8ecf
EJECUTANDO:ans_287c26ca-de8f-4ce0-b505-bd671b1d8ecf
573173914414:SUCCESS
573173914414:ENCOLADO ans_18cded5e-3d2b-482d-9fc1-d0a07a042111
EJECUTANDO:ans_18cded5e-3d2b-482d-9fc1-d0a07a042111
573173914414:SUCCESS
573173914414:ENCOLADO ans_287c26ca-de8f-4ce0-b505-bd671b1d8ecf
EJECUTANDO:ans_287c26ca-de8f-4ce0-b505-bd671b1d8ecf
573173914414:SUCCESS
573173914414:ENCOLADO ans_18cded5e-3d2b-482d-9fc1-d0a07a042111
EJECUTANDO:ans_18cded5e-3d2b-482d-9fc1-d0a07a042111
573173914414:SUCCESS
573004788856:ENCOLADO ans_8a4bb621-f7f2-4b06-bb11-e26c4800981b
EJECUTANDO:ans_8a4bb621-f7f2-4b06-bb11-e26c4800981b
573004788856:SUCCESS
573004788856:ENCOLADO ans_7e17eb49-d87a-48ae-8b47-32b4beea584f
EJECUTANDO:ans_7e17eb49-d87a-48ae-8b47-32b4beea584f
573004788856:SUCCESS
573004788856:ENCOLADO ans_80373d85-c50f-49d4-a472-e2345fdb8f85
EJECUTANDO:ans_80373d85-c50f-49d4-a472-e2345fdb8f85
573004788856:SUCCESS
573004788856:ENCOLADO ans_8a4bb621-f7f2-4b06-bb11-e26c4800981b
EJECUTANDO:ans_8a4bb621-f7f2-4b06-bb11-e26c4800981b
573004788856:SUCCESS
573004788856:ENCOLADO ans_7e17eb49-d87a-48ae-8b47-32b4beea584f
EJECUTANDO:ans_7e17eb49-d87a-48ae-8b47-32b4beea584f
573004788856:SUCCESS
573004788856:ENCOLADO ans_80373d85-c50f-49d4-a472-e2345fdb8f85
EJECUTANDO:ans_80373d85-c50f-49d4-a472-e2345fdb8f85
573004788856:SUCCESS
573015020705:ENCOLADO ans_8a4bb621-f7f2-4b06-bb11-e26c4800981b
EJECUTANDO:ans_8a4bb621-f7f2-4b06-bb11-e26c4800981b
573015020705:SUCCESS
573015020705:ENCOLADO ans_7e17eb49-d87a-48ae-8b47-32b4beea584f
EJECUTANDO:ans_7e17eb49-d87a-48ae-8b47-32b4beea584f
573015020705:ENCOLADO ans_8a4bb621-f7f2-4b06-bb11-e26c4800981b
573015020705:SUCCESS
573015020705:ENCOLADO ans_80373d85-c50f-49d4-a472-e2345fdb8f85
573015020705:SUCCESS
573015020705:ENCOLADO ans_7e17eb49-d87a-48ae-8b47-32b4beea584f
573015020705:SUCCESS
573015020705:SUCCESS
573015020705:ENCOLADO ans_80373d85-c50f-49d4-a472-e2345fdb8f85
EJECUTANDO:ans_80373d85-c50f-49d4-a472-e2345fdb8f85
573015020705:SUCCESS
573015020705:ENCOLADO ans_287c26ca-de8f-4ce0-b505-bd671b1d8ecf
EJECUTANDO:ans_287c26ca-de8f-4ce0-b505-bd671b1d8ecf
573015020705:SUCCESS
573015020705:ENCOLADO ans_18cded5e-3d2b-482d-9fc1-d0a07a042111
EJECUTANDO:ans_18cded5e-3d2b-482d-9fc1-d0a07a042111
573015020705:SUCCESS
573015020705:ENCOLADO ans_287c26ca-de8f-4ce0-b505-bd671b1d8ecf
EJECUTANDO:ans_287c26ca-de8f-4ce0-b505-bd671b1d8ecf
573015020705:SUCCESS
573015020705:ENCOLADO ans_18cded5e-3d2b-482d-9fc1-d0a07a042111
EJECUTANDO:ans_18cded5e-3d2b-482d-9fc1-d0a07a042111
573015020705:SUCCESS
18090586820839:ENCOLADO ans_8a4bb621-f7f2-4b06-bb11-e26c4800981b
EJECUTANDO:ans_8a4bb621-f7f2-4b06-bb11-e26c4800981b
18090586820839:SUCCESS
18090586820839:ENCOLADO ans_7e17eb49-d87a-48ae-8b47-32b4beea584f
EJECUTANDO:ans_7e17eb49-d87a-48ae-8b47-32b4beea584f
18090586820839:SUCCESS
18090586820839:ENCOLADO ans_80373d85-c50f-49d4-a472-e2345fdb8f85
EJECUTANDO:ans_80373d85-c50f-49d4-a472-e2345fdb8f85
18090586820839:SUCCESS
573173914414:ENCOLADO ans_287c26ca-de8f-4ce0-b505-bd671b1d8ecf
EJECUTANDO:ans_287c26ca-de8f-4ce0-b505-bd671b1d8ecf
573173914414:SUCCESS
78670949539969:ENCOLADO ans_8a4bb621-f7f2-4b06-bb11-e26c4800981b
EJECUTANDO:ans_8a4bb621-f7f2-4b06-bb11-e26c4800981b
78670949539969:SUCCESS
78670949539969:ENCOLADO ans_7e17eb49-d87a-48ae-8b47-32b4beea584f
EJECUTANDO:ans_7e17eb49-d87a-48ae-8b47-32b4beea584f
78670949539969:SUCCESS
78670949539969:ENCOLADO ans_80373d85-c50f-49d4-a472-e2345fdb8f85
EJECUTANDO:ans_80373d85-c50f-49d4-a472-e2345fdb8f85
78670949539969:SUCCESS
78670949539969:ENCOLADO ans_8a4bb621-f7f2-4b06-bb11-e26c4800981b
EJECUTANDO:ans_8a4bb621-f7f2-4b06-bb11-e26c4800981b
78670949539969:SUCCESS
78670949539969:ENCOLADO ans_7e17eb49-d87a-48ae-8b47-32b4beea584f
EJECUTANDO:ans_7e17eb49-d87a-48ae-8b47-32b4beea584f
78670949539969:SUCCESS
78670949539969:ENCOLADO ans_80373d85-c50f-49d4-a472-e2345fdb8f85
EJECUTANDO:ans_80373d85-c50f-49d4-a472-e2345fdb8f85
78670949539969:SUCCESS
573125639966:ENCOLADO ans_287c26ca-de8f-4ce0-b505-bd671b1d8ecf
573125639966:SUCCESS
573125639966:ERROR: "cancelled"
573125639966:ERROR: "cancelled"
573125639966:ENCOLADO ans_18cded5e-3d2b-482d-9fc1-d0a07a042111
EJECUTANDO:ans_18cded5e-3d2b-482d-9fc1-d0a07a042111
573125639966:ENCOLADO ans_7e17eb49-d87a-48ae-8b47-32b4beea584f
573125639966:SUCCESS
573125639966:ENCOLADO ans_7e17eb49-d87a-48ae-8b47-32b4beea584f
EJECUTANDO:ans_7e17eb49-d87a-48ae-8b47-32b4beea584f
573125639966:ENCOLADO ans_18cded5e-3d2b-482d-9fc1-d0a07a042111
573125639966:ENCOLADO ans_80373d85-c50f-49d4-a472-e2345fdb8f85
573125639966:SUCCESS
573125639966:ERROR: "cancelled"
573125639966:SUCCESS
573125639966:ERROR: "cancelled"
573125639966:ERROR: "cancelled"
573125639966:ENCOLADO ans_80373d85-c50f-49d4-a472-e2345fdb8f85
EJECUTANDO:ans_80373d85-c50f-49d4-a472-e2345fdb8f85
573125639966:SUCCESS
573125639966:ENCOLADO ans_287c26ca-de8f-4ce0-b505-bd671b1d8ecf
EJECUTANDO:ans_287c26ca-de8f-4ce0-b505-bd671b1d8ecf
573125639966:SUCCESS
573125639966:ENCOLADO ans_18cded5e-3d2b-482d-9fc1-d0a07a042111
EJECUTANDO:ans_18cded5e-3d2b-482d-9fc1-d0a07a042111
573125639966:SUCCESS
193385700847710:ENCOLADO ans_287c26ca-de8f-4ce0-b505-bd671b1d8ecf
EJECUTANDO:ans_287c26ca-de8f-4ce0-b505-bd671b1d8ecf
193385700847710:SUCCESS
193385700847710:ENCOLADO ans_18cded5e-3d2b-482d-9fc1-d0a07a042111
EJECUTANDO:ans_18cded5e-3d2b-482d-9fc1-d0a07a042111
193385700847710:SUCCESS
193385700847710:ENCOLADO ans_287c26ca-de8f-4ce0-b505-bd671b1d8ecf
EJECUTANDO:ans_287c26ca-de8f-4ce0-b505-bd671b1d8ecf
193385700847710:SUCCESS
193385700847710:ENCOLADO ans_18cded5e-3d2b-482d-9fc1-d0a07a042111
EJECUTANDO:ans_18cded5e-3d2b-482d-9fc1-d0a07a042111
193385700847710:SUCCESS
193385700847710:ENCOLADO ans_287c26ca-de8f-4ce0-b505-bd671b1d8ecf
EJECUTANDO:ans_287c26ca-de8f-4ce0-b505-bd671b1d8ecf
193385700847710:SUCCESS
193385700847710:ENCOLADO ans_18cded5e-3d2b-482d-9fc1-d0a07a042111
EJECUTANDO:ans_18cded5e-3d2b-482d-9fc1-d0a07a042111
193385700847710:SUCCESS
573124339582:ENCOLADO ans_8a4bb621-f7f2-4b06-bb11-e26c4800981b
EJECUTANDO:ans_8a4bb621-f7f2-4b06-bb11-e26c4800981b
573124339582:SUCCESS
573124339582:ENCOLADO ans_7e17eb49-d87a-48ae-8b47-32b4beea584f
EJECUTANDO:ans_7e17eb49-d87a-48ae-8b47-32b4beea584f
573124339582:SUCCESS
573124339582:ENCOLADO ans_80373d85-c50f-49d4-a472-e2345fdb8f85
EJECUTANDO:ans_80373d85-c50f-49d4-a472-e2345fdb8f85
573124339582:SUCCESS
573045423539:ENCOLADO ans_8a4bb621-f7f2-4b06-bb11-e26c4800981b
EJECUTANDO:ans_8a4bb621-f7f2-4b06-bb11-e26c4800981b
573045423539:SUCCESS
573045423539:ENCOLADO ans_7e17eb49-d87a-48ae-8b47-32b4beea584f
EJECUTANDO:ans_7e17eb49-d87a-48ae-8b47-32b4beea584f
573045423539:SUCCESS
573045423539:ENCOLADO ans_80373d85-c50f-49d4-a472-e2345fdb8f85
EJECUTANDO:ans_80373d85-c50f-49d4-a472-e2345fdb8f85
573045423539:SUCCESS
573045423539:ENCOLADO ans_8a4bb621-f7f2-4b06-bb11-e26c4800981b
EJECUTANDO:ans_8a4bb621-f7f2-4b06-bb11-e26c4800981b
573045423539:ENCOLADO ans_80373d85-c50f-49d4-a472-e2345fdb8f85
573045423539:ENCOLADO ans_287c26ca-de8f-4ce0-b505-bd671b1d8ecf
573229311068:ENCOLADO ans_8a4bb621-f7f2-4b06-bb11-e26c4800981b
EJECUTANDO:ans_8a4bb621-f7f2-4b06-bb11-e26c4800981b
573229311068:SUCCESS
573229311068:ENCOLADO ans_7e17eb49-d87a-48ae-8b47-32b4beea584f
EJECUTANDO:ans_7e17eb49-d87a-48ae-8b47-32b4beea584f
573229311068:SUCCESS
573229311068:ENCOLADO ans_80373d85-c50f-49d4-a472-e2345fdb8f85
EJECUTANDO:ans_80373d85-c50f-49d4-a472-e2345fdb8f85
573229311068:ENCOLADO ans_8a4bb621-f7f2-4b06-bb11-e26c4800981b
573229311068:SUCCESS
573229311068:ENCOLADO ans_80373d85-c50f-49d4-a472-e2345fdb8f85
182158320742414:ENCOLADO ans_8a4bb621-f7f2-4b06-bb11-e26c4800981b
EJECUTANDO:ans_8a4bb621-f7f2-4b06-bb11-e26c4800981b
182158320742414:SUCCESS
182158320742414:ENCOLADO ans_7e17eb49-d87a-48ae-8b47-32b4beea584f
EJECUTANDO:ans_7e17eb49-d87a-48ae-8b47-32b4beea584f
182158320742414:SUCCESS
182158320742414:ENCOLADO ans_80373d85-c50f-49d4-a472-e2345fdb8f85
EJECUTANDO:ans_80373d85-c50f-49d4-a472-e2345fdb8f85
182158320742414:SUCCESS
182158320742414:ENCOLADO ans_8a4bb621-f7f2-4b06-bb11-e26c4800981b
EJECUTANDO:ans_8a4bb621-f7f2-4b06-bb11-e26c4800981b
182158320742414:SUCCESS
182158320742414:ENCOLADO ans_7e17eb49-d87a-48ae-8b47-32b4beea584f
EJECUTANDO:ans_7e17eb49-d87a-48ae-8b47-32b4beea584f
182158320742414:SUCCESS
182158320742414:ENCOLADO ans_80373d85-c50f-49d4-a472-e2345fdb8f85
EJECUTANDO:ans_80373d85-c50f-49d4-a472-e2345fdb8f85
182158320742414:SUCCESS
37882098118751:ENCOLADO ans_8a4bb621-f7f2-4b06-bb11-e26c4800981b
EJECUTANDO:ans_8a4bb621-f7f2-4b06-bb11-e26c4800981b
37882098118751:SUCCESS
37882098118751:ENCOLADO ans_7e17eb49-d87a-48ae-8b47-32b4beea584f
EJECUTANDO:ans_7e17eb49-d87a-48ae-8b47-32b4beea584f
37882098118751:SUCCESS
37882098118751:ENCOLADO ans_80373d85-c50f-49d4-a472-e2345fdb8f85
EJECUTANDO:ans_80373d85-c50f-49d4-a472-e2345fdb8f85
37882098118751:SUCCESS
139732583448659:ENCOLADO ans_8a4bb621-f7f2-4b06-bb11-e26c4800981b
EJECUTANDO:ans_8a4bb621-f7f2-4b06-bb11-e26c4800981b
139732583448659:SUCCESS
139732583448659:ENCOLADO ans_7e17eb49-d87a-48ae-8b47-32b4beea584f
EJECUTANDO:ans_7e17eb49-d87a-48ae-8b47-32b4beea584f
139732583448659:SUCCESS
139732583448659:ENCOLADO ans_80373d85-c50f-49d4-a472-e2345fdb8f85
EJECUTANDO:ans_80373d85-c50f-49d4-a472-e2345fdb8f85
139732583448659:ENCOLADO ans_8a4bb621-f7f2-4b06-bb11-e26c4800981b
139732583448659:SUCCESS
139732583448659:ENCOLADO ans_80373d85-c50f-49d4-a472-e2345fdb8f85
139732583448659:ENCOLADO ans_287c26ca-de8f-4ce0-b505-bd671b1d8ecf
28428690583672:ENCOLADO ans_8a4bb621-f7f2-4b06-bb11-e26c4800981b
EJECUTANDO:ans_8a4bb621-f7f2-4b06-bb11-e26c4800981b
28428690583672:SUCCESS
28428690583672:ENCOLADO ans_7e17eb49-d87a-48ae-8b47-32b4beea584f
EJECUTANDO:ans_7e17eb49-d87a-48ae-8b47-32b4beea584f
28428690583672:SUCCESS
28428690583672:ENCOLADO ans_80373d85-c50f-49d4-a472-e2345fdb8f85
EJECUTANDO:ans_80373d85-c50f-49d4-a472-e2345fdb8f85
28428690583672:SUCCESS
37882098118751:ENCOLADO ans_8a4bb621-f7f2-4b06-bb11-e26c4800981b
EJECUTANDO:ans_8a4bb621-f7f2-4b06-bb11-e26c4800981b
37882098118751:SUCCESS
37882098118751:ENCOLADO ans_7e17eb49-d87a-48ae-8b47-32b4beea584f
EJECUTANDO:ans_7e17eb49-d87a-48ae-8b47-32b4beea584f
37882098118751:SUCCESS
37882098118751:ENCOLADO ans_80373d85-c50f-49d4-a472-e2345fdb8f85
EJECUTANDO:ans_80373d85-c50f-49d4-a472-e2345fdb8f85
37882098118751:SUCCESS
573202784080:ENCOLADO ans_8a4bb621-f7f2-4b06-bb11-e26c4800981b
EJECUTANDO:ans_8a4bb621-f7f2-4b06-bb11-e26c4800981b
573202784080:SUCCESS
573202784080:ENCOLADO ans_7e17eb49-d87a-48ae-8b47-32b4beea584f
EJECUTANDO:ans_7e17eb49-d87a-48ae-8b47-32b4beea584f
573202784080:SUCCESS
573202784080:ENCOLADO ans_80373d85-c50f-49d4-a472-e2345fdb8f85
EJECUTANDO:ans_80373d85-c50f-49d4-a472-e2345fdb8f85
573202784080:SUCCESS
573202784080:ENCOLADO ans_287c26ca-de8f-4ce0-b505-bd671b1d8ecf
EJECUTANDO:ans_287c26ca-de8f-4ce0-b505-bd671b1d8ecf
573202784080:SUCCESS
573202784080:ENCOLADO ans_18cded5e-3d2b-482d-9fc1-d0a07a042111
EJECUTANDO:ans_18cded5e-3d2b-482d-9fc1-d0a07a042111
573202784080:SUCCESS
573202784080:ENCOLADO ans_287c26ca-de8f-4ce0-b505-bd671b1d8ecf
EJECUTANDO:ans_287c26ca-de8f-4ce0-b505-bd671b1d8ecf
573202784080:SUCCESS
573202784080:ENCOLADO ans_18cded5e-3d2b-482d-9fc1-d0a07a042111
EJECUTANDO:ans_18cded5e-3d2b-482d-9fc1-d0a07a042111
573202784080:SUCCESS
573193294911:ENCOLADO ans_287c26ca-de8f-4ce0-b505-bd671b1d8ecf
EJECUTANDO:ans_287c26ca-de8f-4ce0-b505-bd671b1d8ecf
573193294911:SUCCESS
573193294911:ENCOLADO ans_18cded5e-3d2b-482d-9fc1-d0a07a042111
EJECUTANDO:ans_18cded5e-3d2b-482d-9fc1-d0a07a042111
573193294911:SUCCESS
217338834120843:ENCOLADO ans_8a4bb621-f7f2-4b06-bb11-e26c4800981b
EJECUTANDO:ans_8a4bb621-f7f2-4b06-bb11-e26c4800981b
217338834120843:SUCCESS
217338834120843:ENCOLADO ans_7e17eb49-d87a-48ae-8b47-32b4beea584f
EJECUTANDO:ans_7e17eb49-d87a-48ae-8b47-32b4beea584f
217338834120843:SUCCESS
217338834120843:ENCOLADO ans_80373d85-c50f-49d4-a472-e2345fdb8f85
EJECUTANDO:ans_80373d85-c50f-49d4-a472-e2345fdb8f85
217338834120843:SUCCESS
217338834120843:ENCOLADO ans_8a4bb621-f7f2-4b06-bb11-e26c4800981b
EJECUTANDO:ans_8a4bb621-f7f2-4b06-bb11-e26c4800981b
217338834120843:SUCCESS
217338834120843:ENCOLADO ans_7e17eb49-d87a-48ae-8b47-32b4beea584f
EJECUTANDO:ans_7e17eb49-d87a-48ae-8b47-32b4beea584f
217338834120843:SUCCESS
217338834120843:ENCOLADO ans_80373d85-c50f-49d4-a472-e2345fdb8f85
EJECUTANDO:ans_80373d85-c50f-49d4-a472-e2345fdb8f85
217338834120843:SUCCESS
573128567775:ENCOLADO ans_8a4bb621-f7f2-4b06-bb11-e26c4800981b
EJECUTANDO:ans_8a4bb621-f7f2-4b06-bb11-e26c4800981b
573128567775:SUCCESS
573128567775:ENCOLADO ans_7e17eb49-d87a-48ae-8b47-32b4beea584f
EJECUTANDO:ans_7e17eb49-d87a-48ae-8b47-32b4beea584f
573128567775:SUCCESS
573128567775:ENCOLADO ans_80373d85-c50f-49d4-a472-e2345fdb8f85
EJECUTANDO:ans_80373d85-c50f-49d4-a472-e2345fdb8f85
573128567775:ENCOLADO ans_8a4bb621-f7f2-4b06-bb11-e26c4800981b
573128567775:SUCCESS
573128567775:ENCOLADO ans_80373d85-c50f-49d4-a472-e2345fdb8f85
573128567775:ENCOLADO ans_287c26ca-de8f-4ce0-b505-bd671b1d8ecf
